<?xml version="1.0" encoding="utf-8"?><testsuites name="pytest tests"><testsuite name="pytest" errors="0" failures="0" skipped="0" tests="18" time="3.055" timestamp="2026-04-04T18:02:18.551922+00:00" hostname="agent-env-30b53243-edea-4453-b249-d76a8ecdc567"><testcase classname="backend.tests.test_hostelhub" name="test_health" time="0.245" /><testcase classname="backend.tests.test_hostelhub" name="test_seed" time="0.135" /><testcase classname="backend.tests.test_hostelhub" name="test_domain_restriction" time="0.176" /><testcase classname="backend.tests.test_hostelhub" name="test_maintenance_no_auth" time="0.148" /><testcase classname="backend.tests.test_hostelhub" name="test_mess_menu_no_auth" time="0.103" /><testcase classname="backend.tests.test_hostelhub" name="test_lost_found_no_auth" time="0.153" /><testcase classname="backend.tests.test_hostelhub" name="test_issues_no_auth" time="0.107" /><testcase classname="backend.tests.test_hostelhub" name="test_health_score_with_student_jwt" time="0.105" /><testcase classname="backend.tests.test_hostelhub" name="test_mess_stats" time="0.114" /><testcase classname="backend.tests.test_hostelhub" name="test_maintenance_with_student_jwt" time="0.109" /><testcase classname="backend.tests.test_hostelhub" name="test_lost_found_with_student_jwt" time="0.153" /><testcase classname="backend.tests.test_hostelhub" name="test_visitors_no_auth" time="0.120" /><testcase classname="backend.tests.test_hostelhub" name="test_get_visitors_seeded" time="0.273" /><testcase classname="backend.tests.test_hostelhub" name="test_create_visitor_request" time="0.152" /><testcase classname="backend.tests.test_hostelhub" name="test_update_visitor_status_approve" time="0.227" /><testcase classname="backend.tests.test_hostelhub" name="test_update_visitor_status_reject" time="0.217" /><testcase classname="backend.tests.test_hostelhub" name="test_update_visitor_status_not_warden" time="0.281" /><testcase classname="backend.tests.test_hostelhub" name="test_get_visitors_student_filtered" time="0.126" /></testsuite></testsuites>