<?xml version="1.0" encoding="utf-8"?><testsuites name="pytest tests"><testsuite name="pytest" errors="0" failures="1" skipped="0" tests="11" time="1.607" timestamp="2026-04-04T10:35:00.631921+00:00" hostname="agent-env-30b53243-edea-4453-b249-d76a8ecdc567"><testcase classname="backend.tests.test_hostelhub" name="test_health" time="0.218"><failure message="assert 404 == 200&#10; +  where 404 = &lt;Response [404]&gt;.status_code">backend/tests/test_hostelhub.py:25: in test_health
    assert r.status_code == 200
E   assert 404 == 200
E    +  where 404 = &lt;Response [404]&gt;.status_code</failure></testcase><testcase classname="backend.tests.test_hostelhub" name="test_seed" time="0.147" /><testcase classname="backend.tests.test_hostelhub" name="test_domain_restriction" time="0.194" /><testcase classname="backend.tests.test_hostelhub" name="test_maintenance_no_auth" time="0.130" /><testcase classname="backend.tests.test_hostelhub" name="test_mess_menu_no_auth" time="0.105" /><testcase classname="backend.tests.test_hostelhub" name="test_lost_found_no_auth" time="0.093" /><testcase classname="backend.tests.test_hostelhub" name="test_issues_no_auth" time="0.136" /><testcase classname="backend.tests.test_hostelhub" name="test_health_score_with_student_jwt" time="0.162" /><testcase classname="backend.tests.test_hostelhub" name="test_mess_stats" time="0.105" /><testcase classname="backend.tests.test_hostelhub" name="test_maintenance_with_student_jwt" time="0.118" /><testcase classname="backend.tests.test_hostelhub" name="test_lost_found_with_student_jwt" time="0.099" /></testsuite></testsuites>